[debug] [2020-04-10T00:23:44.233Z] ----------------------------------------------------------------------
[debug] [2020-04-10T00:23:44.235Z] Command:       C:\Program Files\nodejs\node.exe C:\Users\Sheep\AppData\Roaming\npm\node_modules\firebase-tools\lib\bin\firebase.js init
[debug] [2020-04-10T00:23:44.235Z] CLI Version:   7.16.1
[debug] [2020-04-10T00:23:44.235Z] Platform:      win32
[debug] [2020-04-10T00:23:44.236Z] Node Version:  v13.11.0
[debug] [2020-04-10T00:23:44.237Z] Time:          Fri Apr 10 2020 02:23:44 GMT+0200 (South Africa Standard Time)
[debug] [2020-04-10T00:23:44.237Z] ----------------------------------------------------------------------
[debug] [2020-04-10T00:23:44.237Z] 
[debug] [2020-04-10T00:23:44.256Z] > command requires scopes: ["email","openid","https://www.googleapis.com/auth/cloudplatformprojects.readonly","https://www.googleapis.com/auth/firebase","https://www.googleapis.com/auth/cloud-platform"]
[debug] [2020-04-10T00:23:44.256Z] > authorizing via signed-in user
[info] 
     ######## #### ########  ######## ########     ###     ######  ########
     ##        ##  ##     ## ##       ##     ##  ##   ##  ##       ##
     ######    ##  ########  ######   ########  #########  ######  ######
     ##        ##  ##    ##  ##       ##     ## ##     ##       ## ##
     ##       #### ##     ## ######## ########  ##     ##  ######  ########

You're about to initialize a Firebase project in this directory:

  D:\Web applications\Exapanse tracker

[info] 
=== Project Setup
[info] 
[info] First, let's associate this project directory with a Firebase project.
[info] You can create multiple project aliases by running firebase use --add, 
[info] but for now we'll just set up a default project.
[info] 
[info] i  If you want to create a project in a Google Cloud organization or folder, please use "firebase projects:create" instead, and return to this command when you've created the project.
[debug] [2020-04-10T00:25:12.233Z] > refreshing access token with scopes: ["email","https://www.googleapis.com/auth/cloud-platform","https://www.googleapis.com/auth/cloudplatformprojects.readonly","https://www.googleapis.com/auth/firebase","openid"]
[debug] [2020-04-10T00:25:12.233Z] >>> HTTP REQUEST POST https://www.googleapis.com/oauth2/v3/token  
 <request body omitted>
[debug] [2020-04-10T00:25:12.729Z] <<< HTTP RESPONSE 200
[debug] [2020-04-10T00:25:12.738Z] >>> HTTP REQUEST POST https://cloudresourcemanager.googleapis.com/v1/projects  

[debug] [2020-04-10T00:25:14.797Z] <<< HTTP RESPONSE 400
[debug] [2020-04-10T00:25:14.797Z] <<< HTTP RESPONSE BODY
[debug] [2020-04-10T00:25:14.802Z] HTTP Error: 400, field [display_name] has issue [project display name must be at least 4 characters]
[debug] [2020-04-10T00:25:15.267Z] FirebaseError: HTTP Error: 400, field [display_name] has issue [project display name must be at least 4 characters]
    at module.exports (C:\Users\Sheep\AppData\Roaming\npm\node_modules\firebase-tools\lib\responseToError.js:38:12)
    at Request._callback (C:\Users\Sheep\AppData\Roaming\npm\node_modules\firebase-tools\lib\api.js:40:35)
    at Request.self.callback (C:\Users\Sheep\AppData\Roaming\npm\node_modules\firebase-tools\node_modules\request\request.js:185:22)
    at Request.emit (events.js:315:20)
    at Request.EventEmitter.emit (domain.js:485:12)
    at Request.<anonymous> (C:\Users\Sheep\AppData\Roaming\npm\node_modules\firebase-tools\node_modules\request\request.js:1154:10)
    at Request.emit (events.js:315:20)
    at Request.EventEmitter.emit (domain.js:485:12)
    at IncomingMessage.<anonymous> (C:\Users\Sheep\AppData\Roaming\npm\node_modules\firebase-tools\node_modules\request\request.js:1076:12)
    at Object.onceWrapper (events.js:421:28)
    at IncomingMessage.emit (events.js:327:22)
    at IncomingMessage.EventEmitter.emit (domain.js:485:12)
    at endReadableNT (_stream_readable.js:1201:12)
    at processTicksAndRejections (internal/process/task_queues.js:84:21)
[error] 
[error] Error: Failed to create Google Cloud project. See firebase-debug.log for more info.
